
*** Running vivado
    with args -log TopModule.vds -m64 -product Vivado -mode batch -messageDb vivado.pb -notrace -source TopModule.tcl



****** Vivado v2020.2 (64-bit)
  **** SW Build 3064766 on Wed Nov 18 09:12:45 MST 2020
  **** IP Build 3064653 on Wed Nov 18 14:17:31 MST 2020
    ** Copyright 1986-2020 Xilinx, Inc. All Rights Reserved.

source TopModule.tcl -notrace
create_project: Time (s): cpu = 00:00:01 ; elapsed = 00:00:05 . Memory (MB): peak = 1100.406 ; gain = 0.000
Command: synth_design -top TopModule -part xc7z010clg400-1
Starting synth_design
Attempting to get a license for feature 'Synthesis' and/or device 'xc7z010'
INFO: [Common 17-349] Got license for feature 'Synthesis' and/or device 'xc7z010'
INFO: [Device 21-403] Loading part xc7z010clg400-1
INFO: [Synth 8-7079] Multithreading enabled for synth_design using a maximum of 2 processes.
INFO: [Synth 8-7078] Launching helper process for spawning children vivado processes
INFO: [Synth 8-7075] Helper process launched with PID 9364
WARNING: [Synth 8-992] wpcir is already implicitly declared earlier [C:/Users/ethanbloom/OneDrive - The Pennsylvania State University/Summer 23/CMPEN331/Labs/FinalProject_CMPEN331/Lab_6/Lab_6.srcs/sources_1/new/Datapath.v:84]
WARNING: [Synth 8-992] rt is already implicitly declared earlier [C:/Users/ethanbloom/OneDrive - The Pennsylvania State University/Summer 23/CMPEN331/Labs/FinalProject_CMPEN331/Lab_6/Lab_6.srcs/sources_1/new/Datapath.v:89]
WARNING: [Synth 8-992] rs is already implicitly declared earlier [C:/Users/ethanbloom/OneDrive - The Pennsylvania State University/Summer 23/CMPEN331/Labs/FinalProject_CMPEN331/Lab_6/Lab_6.srcs/sources_1/new/Datapath.v:96]
WARNING: [Synth 8-992] wbData is already implicitly declared earlier [C:/Users/ethanbloom/OneDrive - The Pennsylvania State University/Summer 23/CMPEN331/Labs/FinalProject_CMPEN331/Lab_6/Lab_6.srcs/sources_1/new/Datapath.v:128]
WARNING: [Synth 8-992] fwda is already implicitly declared earlier [C:/Users/ethanbloom/OneDrive - The Pennsylvania State University/Summer 23/CMPEN331/Labs/FinalProject_CMPEN331/Lab_6/Lab_6.srcs/sources_1/new/Datapath.v:132]
WARNING: [Synth 8-992] qa is already implicitly declared earlier [C:/Users/ethanbloom/OneDrive - The Pennsylvania State University/Summer 23/CMPEN331/Labs/FinalProject_CMPEN331/Lab_6/Lab_6.srcs/sources_1/new/Datapath.v:133]
WARNING: [Synth 8-992] fwdb is already implicitly declared earlier [C:/Users/ethanbloom/OneDrive - The Pennsylvania State University/Summer 23/CMPEN331/Labs/FinalProject_CMPEN331/Lab_6/Lab_6.srcs/sources_1/new/Datapath.v:137]
WARNING: [Synth 8-992] qb is already implicitly declared earlier [C:/Users/ethanbloom/OneDrive - The Pennsylvania State University/Summer 23/CMPEN331/Labs/FinalProject_CMPEN331/Lab_6/Lab_6.srcs/sources_1/new/Datapath.v:138]
---------------------------------------------------------------------------------
Starting RTL Elaboration : Time (s): cpu = 00:00:05 ; elapsed = 00:00:09 . Memory (MB): peak = 1100.406 ; gain = 0.000
---------------------------------------------------------------------------------
INFO: [Synth 8-6157] synthesizing module 'TopModule' [C:/Users/ethanbloom/OneDrive - The Pennsylvania State University/Summer 23/CMPEN331/Labs/FinalProject_CMPEN331/Lab_6/Lab_6.srcs/sources_1/new/TopModule.v:3]
INFO: [Synth 8-6157] synthesizing module 'Datapath' [C:/Users/ethanbloom/OneDrive - The Pennsylvania State University/Summer 23/CMPEN331/Labs/FinalProject_CMPEN331/Lab_6/Lab_6.srcs/sources_1/new/Datapath.v:24]
INFO: [Synth 8-6157] synthesizing module 'PC_adder' [C:/Users/ethanbloom/OneDrive - The Pennsylvania State University/Summer 23/CMPEN331/Labs/FinalProject_CMPEN331/Lab_6/Lab_6.srcs/sources_1/new/PCAdder.v:4]
	Parameter INCREMENT_AMOUNT bound to: 4 - type: integer 
INFO: [Synth 8-6155] done synthesizing module 'PC_adder' (1#1) [C:/Users/ethanbloom/OneDrive - The Pennsylvania State University/Summer 23/CMPEN331/Labs/FinalProject_CMPEN331/Lab_6/Lab_6.srcs/sources_1/new/PCAdder.v:4]
INFO: [Synth 8-6157] synthesizing module 'ProgramCounter' [C:/Users/ethanbloom/OneDrive - The Pennsylvania State University/Summer 23/CMPEN331/Labs/FinalProject_CMPEN331/Lab_6/Lab_6.srcs/sources_1/new/ProgramCounter.v:6]
INFO: [Synth 8-6155] done synthesizing module 'ProgramCounter' (2#1) [C:/Users/ethanbloom/OneDrive - The Pennsylvania State University/Summer 23/CMPEN331/Labs/FinalProject_CMPEN331/Lab_6/Lab_6.srcs/sources_1/new/ProgramCounter.v:6]
INFO: [Synth 8-6157] synthesizing module 'InstructionMemory' [C:/Users/ethanbloom/OneDrive - The Pennsylvania State University/Summer 23/CMPEN331/Labs/FinalProject_CMPEN331/Lab_6/Lab_6.srcs/sources_1/new/InstructionMemory.v:7]
INFO: [Synth 8-6155] done synthesizing module 'InstructionMemory' (3#1) [C:/Users/ethanbloom/OneDrive - The Pennsylvania State University/Summer 23/CMPEN331/Labs/FinalProject_CMPEN331/Lab_6/Lab_6.srcs/sources_1/new/InstructionMemory.v:7]
INFO: [Synth 8-6157] synthesizing module 'IFID_PipelineReg' [C:/Users/ethanbloom/OneDrive - The Pennsylvania State University/Summer 23/CMPEN331/Labs/FinalProject_CMPEN331/Lab_6/Lab_6.srcs/sources_1/new/IFIDPipelineRegister.v:7]
INFO: [Synth 8-6155] done synthesizing module 'IFID_PipelineReg' (4#1) [C:/Users/ethanbloom/OneDrive - The Pennsylvania State University/Summer 23/CMPEN331/Labs/FinalProject_CMPEN331/Lab_6/Lab_6.srcs/sources_1/new/IFIDPipelineRegister.v:7]
INFO: [Synth 8-6157] synthesizing module 'ControlUnit' [C:/Users/ethanbloom/OneDrive - The Pennsylvania State University/Summer 23/CMPEN331/Labs/FinalProject_CMPEN331/Lab_6/Lab_6.srcs/sources_1/new/ControlUnit.v:7]
INFO: [Synth 8-155] case statement is not full and has no default [C:/Users/ethanbloom/OneDrive - The Pennsylvania State University/Summer 23/CMPEN331/Labs/FinalProject_CMPEN331/Lab_6/Lab_6.srcs/sources_1/new/ControlUnit.v:42]
INFO: [Synth 8-155] case statement is not full and has no default [C:/Users/ethanbloom/OneDrive - The Pennsylvania State University/Summer 23/CMPEN331/Labs/FinalProject_CMPEN331/Lab_6/Lab_6.srcs/sources_1/new/ControlUnit.v:39]
INFO: [Synth 8-6155] done synthesizing module 'ControlUnit' (5#1) [C:/Users/ethanbloom/OneDrive - The Pennsylvania State University/Summer 23/CMPEN331/Labs/FinalProject_CMPEN331/Lab_6/Lab_6.srcs/sources_1/new/ControlUnit.v:7]
INFO: [Synth 8-6157] synthesizing module 'RegRtMux' [C:/Users/ethanbloom/OneDrive - The Pennsylvania State University/Summer 23/CMPEN331/Labs/FinalProject_CMPEN331/Lab_6/Lab_6.srcs/sources_1/new/Regrt.v:5]
INFO: [Synth 8-6155] done synthesizing module 'RegRtMux' (6#1) [C:/Users/ethanbloom/OneDrive - The Pennsylvania State University/Summer 23/CMPEN331/Labs/FinalProject_CMPEN331/Lab_6/Lab_6.srcs/sources_1/new/Regrt.v:5]
INFO: [Synth 8-6157] synthesizing module 'RegisterFile' [C:/Users/ethanbloom/OneDrive - The Pennsylvania State University/Summer 23/CMPEN331/Labs/FinalProject_CMPEN331/Lab_6/Lab_6.srcs/sources_1/new/RegisterFile.v:15]
INFO: [Synth 8-155] case statement is not full and has no default [C:/Users/ethanbloom/OneDrive - The Pennsylvania State University/Summer 23/CMPEN331/Labs/FinalProject_CMPEN331/Lab_6/Lab_6.srcs/sources_1/new/RegisterFile.v:53]
INFO: [Synth 8-6155] done synthesizing module 'RegisterFile' (7#1) [C:/Users/ethanbloom/OneDrive - The Pennsylvania State University/Summer 23/CMPEN331/Labs/FinalProject_CMPEN331/Lab_6/Lab_6.srcs/sources_1/new/RegisterFile.v:15]
INFO: [Synth 8-6157] synthesizing module 'Immediate_Extender' [C:/Users/ethanbloom/OneDrive - The Pennsylvania State University/Summer 23/CMPEN331/Labs/FinalProject_CMPEN331/Lab_6/Lab_6.srcs/sources_1/new/ImmediateExtender.v:5]
INFO: [Synth 8-6155] done synthesizing module 'Immediate_Extender' (8#1) [C:/Users/ethanbloom/OneDrive - The Pennsylvania State University/Summer 23/CMPEN331/Labs/FinalProject_CMPEN331/Lab_6/Lab_6.srcs/sources_1/new/ImmediateExtender.v:5]
INFO: [Synth 8-6157] synthesizing module 'IDEXE_PipelineReg' [C:/Users/ethanbloom/OneDrive - The Pennsylvania State University/Summer 23/CMPEN331/Labs/FinalProject_CMPEN331/Lab_6/Lab_6.srcs/sources_1/new/IDEXEPipelineReg.v:4]
INFO: [Synth 8-6155] done synthesizing module 'IDEXE_PipelineReg' (9#1) [C:/Users/ethanbloom/OneDrive - The Pennsylvania State University/Summer 23/CMPEN331/Labs/FinalProject_CMPEN331/Lab_6/Lab_6.srcs/sources_1/new/IDEXEPipelineReg.v:4]
INFO: [Synth 8-6157] synthesizing module 'ALUMux' [C:/Users/ethanbloom/OneDrive - The Pennsylvania State University/Summer 23/CMPEN331/Labs/FinalProject_CMPEN331/Lab_6/Lab_6.srcs/sources_1/new/ALUMux.v:10]
INFO: [Synth 8-6155] done synthesizing module 'ALUMux' (10#1) [C:/Users/ethanbloom/OneDrive - The Pennsylvania State University/Summer 23/CMPEN331/Labs/FinalProject_CMPEN331/Lab_6/Lab_6.srcs/sources_1/new/ALUMux.v:10]
INFO: [Synth 8-6157] synthesizing module 'ALU' [C:/Users/ethanbloom/OneDrive - The Pennsylvania State University/Summer 23/CMPEN331/Labs/FinalProject_CMPEN331/Lab_6/Lab_6.srcs/sources_1/new/ALU.v:11]
WARNING: [Synth 8-151] case item 4'b0100 is unreachable [C:/Users/ethanbloom/OneDrive - The Pennsylvania State University/Summer 23/CMPEN331/Labs/FinalProject_CMPEN331/Lab_6/Lab_6.srcs/sources_1/new/ALU.v:21]
INFO: [Synth 8-155] case statement is not full and has no default [C:/Users/ethanbloom/OneDrive - The Pennsylvania State University/Summer 23/CMPEN331/Labs/FinalProject_CMPEN331/Lab_6/Lab_6.srcs/sources_1/new/ALU.v:21]
INFO: [Synth 8-6155] done synthesizing module 'ALU' (11#1) [C:/Users/ethanbloom/OneDrive - The Pennsylvania State University/Summer 23/CMPEN331/Labs/FinalProject_CMPEN331/Lab_6/Lab_6.srcs/sources_1/new/ALU.v:11]
INFO: [Synth 8-6157] synthesizing module 'EXEMEMReg' [C:/Users/ethanbloom/OneDrive - The Pennsylvania State University/Summer 23/CMPEN331/Labs/FinalProject_CMPEN331/Lab_6/Lab_6.srcs/sources_1/new/EXEMEMReg.v:9]
INFO: [Synth 8-6155] done synthesizing module 'EXEMEMReg' (12#1) [C:/Users/ethanbloom/OneDrive - The Pennsylvania State University/Summer 23/CMPEN331/Labs/FinalProject_CMPEN331/Lab_6/Lab_6.srcs/sources_1/new/EXEMEMReg.v:9]
INFO: [Synth 8-6157] synthesizing module 'DataMem' [C:/Users/ethanbloom/OneDrive - The Pennsylvania State University/Summer 23/CMPEN331/Labs/FinalProject_CMPEN331/Lab_6/Lab_6.srcs/sources_1/new/DataMem.v:15]
INFO: [Synth 8-155] case statement is not full and has no default [C:/Users/ethanbloom/OneDrive - The Pennsylvania State University/Summer 23/CMPEN331/Labs/FinalProject_CMPEN331/Lab_6/Lab_6.srcs/sources_1/new/DataMem.v:51]
INFO: [Synth 8-6155] done synthesizing module 'DataMem' (13#1) [C:/Users/ethanbloom/OneDrive - The Pennsylvania State University/Summer 23/CMPEN331/Labs/FinalProject_CMPEN331/Lab_6/Lab_6.srcs/sources_1/new/DataMem.v:15]
INFO: [Synth 8-6157] synthesizing module 'MEMWBReg' [C:/Users/ethanbloom/OneDrive - The Pennsylvania State University/Summer 23/CMPEN331/Labs/FinalProject_CMPEN331/Lab_6/Lab_6.srcs/sources_1/new/MEMWBReg.v:9]
INFO: [Synth 8-6155] done synthesizing module 'MEMWBReg' (14#1) [C:/Users/ethanbloom/OneDrive - The Pennsylvania State University/Summer 23/CMPEN331/Labs/FinalProject_CMPEN331/Lab_6/Lab_6.srcs/sources_1/new/MEMWBReg.v:9]
INFO: [Synth 8-6157] synthesizing module 'wbMux' [C:/Users/ethanbloom/OneDrive - The Pennsylvania State University/Summer 23/CMPEN331/Labs/FinalProject_CMPEN331/Lab_6/Lab_6.srcs/sources_1/new/wbMux.v:9]
INFO: [Synth 8-6155] done synthesizing module 'wbMux' (15#1) [C:/Users/ethanbloom/OneDrive - The Pennsylvania State University/Summer 23/CMPEN331/Labs/FinalProject_CMPEN331/Lab_6/Lab_6.srcs/sources_1/new/wbMux.v:9]
INFO: [Synth 8-6157] synthesizing module 'FwdingMux' [C:/Users/ethanbloom/OneDrive - The Pennsylvania State University/Summer 23/CMPEN331/Labs/FinalProject_CMPEN331/Lab_6/Lab_6.srcs/sources_1/new/FwdingMux.v:9]
INFO: [Synth 8-6155] done synthesizing module 'FwdingMux' (16#1) [C:/Users/ethanbloom/OneDrive - The Pennsylvania State University/Summer 23/CMPEN331/Labs/FinalProject_CMPEN331/Lab_6/Lab_6.srcs/sources_1/new/FwdingMux.v:9]
INFO: [Synth 8-6155] done synthesizing module 'Datapath' (17#1) [C:/Users/ethanbloom/OneDrive - The Pennsylvania State University/Summer 23/CMPEN331/Labs/FinalProject_CMPEN331/Lab_6/Lab_6.srcs/sources_1/new/Datapath.v:24]
WARNING: [Synth 8-7071] port 'pc' of module 'Datapath' is unconnected for instance 'datapath' [C:/Users/ethanbloom/OneDrive - The Pennsylvania State University/Summer 23/CMPEN331/Labs/FinalProject_CMPEN331/Lab_6/Lab_6.srcs/sources_1/new/TopModule.v:11]
WARNING: [Synth 8-7071] port 'dinstOut' of module 'Datapath' is unconnected for instance 'datapath' [C:/Users/ethanbloom/OneDrive - The Pennsylvania State University/Summer 23/CMPEN331/Labs/FinalProject_CMPEN331/Lab_6/Lab_6.srcs/sources_1/new/TopModule.v:11]
WARNING: [Synth 8-7071] port 'ewreg' of module 'Datapath' is unconnected for instance 'datapath' [C:/Users/ethanbloom/OneDrive - The Pennsylvania State University/Summer 23/CMPEN331/Labs/FinalProject_CMPEN331/Lab_6/Lab_6.srcs/sources_1/new/TopModule.v:11]
WARNING: [Synth 8-7071] port 'em2reg' of module 'Datapath' is unconnected for instance 'datapath' [C:/Users/ethanbloom/OneDrive - The Pennsylvania State University/Summer 23/CMPEN331/Labs/FinalProject_CMPEN331/Lab_6/Lab_6.srcs/sources_1/new/TopModule.v:11]
WARNING: [Synth 8-7071] port 'ewmem' of module 'Datapath' is unconnected for instance 'datapath' [C:/Users/ethanbloom/OneDrive - The Pennsylvania State University/Summer 23/CMPEN331/Labs/FinalProject_CMPEN331/Lab_6/Lab_6.srcs/sources_1/new/TopModule.v:11]
WARNING: [Synth 8-7071] port 'ealuc' of module 'Datapath' is unconnected for instance 'datapath' [C:/Users/ethanbloom/OneDrive - The Pennsylvania State University/Summer 23/CMPEN331/Labs/FinalProject_CMPEN331/Lab_6/Lab_6.srcs/sources_1/new/TopModule.v:11]
WARNING: [Synth 8-7071] port 'ealuimm' of module 'Datapath' is unconnected for instance 'datapath' [C:/Users/ethanbloom/OneDrive - The Pennsylvania State University/Summer 23/CMPEN331/Labs/FinalProject_CMPEN331/Lab_6/Lab_6.srcs/sources_1/new/TopModule.v:11]
WARNING: [Synth 8-7071] port 'edestReg' of module 'Datapath' is unconnected for instance 'datapath' [C:/Users/ethanbloom/OneDrive - The Pennsylvania State University/Summer 23/CMPEN331/Labs/FinalProject_CMPEN331/Lab_6/Lab_6.srcs/sources_1/new/TopModule.v:11]
WARNING: [Synth 8-7071] port 'eimm32' of module 'Datapath' is unconnected for instance 'datapath' [C:/Users/ethanbloom/OneDrive - The Pennsylvania State University/Summer 23/CMPEN331/Labs/FinalProject_CMPEN331/Lab_6/Lab_6.srcs/sources_1/new/TopModule.v:11]
WARNING: [Synth 8-7071] port 'mwreg' of module 'Datapath' is unconnected for instance 'datapath' [C:/Users/ethanbloom/OneDrive - The Pennsylvania State University/Summer 23/CMPEN331/Labs/FinalProject_CMPEN331/Lab_6/Lab_6.srcs/sources_1/new/TopModule.v:11]
WARNING: [Synth 8-7071] port 'mm2reg' of module 'Datapath' is unconnected for instance 'datapath' [C:/Users/ethanbloom/OneDrive - The Pennsylvania State University/Summer 23/CMPEN331/Labs/FinalProject_CMPEN331/Lab_6/Lab_6.srcs/sources_1/new/TopModule.v:11]
WARNING: [Synth 8-7071] port 'mwmem' of module 'Datapath' is unconnected for instance 'datapath' [C:/Users/ethanbloom/OneDrive - The Pennsylvania State University/Summer 23/CMPEN331/Labs/FinalProject_CMPEN331/Lab_6/Lab_6.srcs/sources_1/new/TopModule.v:11]
WARNING: [Synth 8-7071] port 'mdestReg' of module 'Datapath' is unconnected for instance 'datapath' [C:/Users/ethanbloom/OneDrive - The Pennsylvania State University/Summer 23/CMPEN331/Labs/FinalProject_CMPEN331/Lab_6/Lab_6.srcs/sources_1/new/TopModule.v:11]
WARNING: [Synth 8-7071] port 'mqb' of module 'Datapath' is unconnected for instance 'datapath' [C:/Users/ethanbloom/OneDrive - The Pennsylvania State University/Summer 23/CMPEN331/Labs/FinalProject_CMPEN331/Lab_6/Lab_6.srcs/sources_1/new/TopModule.v:11]
WARNING: [Synth 8-7071] port 'wwreg' of module 'Datapath' is unconnected for instance 'datapath' [C:/Users/ethanbloom/OneDrive - The Pennsylvania State University/Summer 23/CMPEN331/Labs/FinalProject_CMPEN331/Lab_6/Lab_6.srcs/sources_1/new/TopModule.v:11]
WARNING: [Synth 8-7071] port 'wm2reg' of module 'Datapath' is unconnected for instance 'datapath' [C:/Users/ethanbloom/OneDrive - The Pennsylvania State University/Summer 23/CMPEN331/Labs/FinalProject_CMPEN331/Lab_6/Lab_6.srcs/sources_1/new/TopModule.v:11]
WARNING: [Synth 8-7071] port 'wdestReg' of module 'Datapath' is unconnected for instance 'datapath' [C:/Users/ethanbloom/OneDrive - The Pennsylvania State University/Summer 23/CMPEN331/Labs/FinalProject_CMPEN331/Lab_6/Lab_6.srcs/sources_1/new/TopModule.v:11]
WARNING: [Synth 8-7071] port 'wr' of module 'Datapath' is unconnected for instance 'datapath' [C:/Users/ethanbloom/OneDrive - The Pennsylvania State University/Summer 23/CMPEN331/Labs/FinalProject_CMPEN331/Lab_6/Lab_6.srcs/sources_1/new/TopModule.v:11]
WARNING: [Synth 8-7071] port 'wdo' of module 'Datapath' is unconnected for instance 'datapath' [C:/Users/ethanbloom/OneDrive - The Pennsylvania State University/Summer 23/CMPEN331/Labs/FinalProject_CMPEN331/Lab_6/Lab_6.srcs/sources_1/new/TopModule.v:11]
WARNING: [Synth 8-7023] instance 'datapath' of module 'Datapath' has 23 connections declared, but only 4 given [C:/Users/ethanbloom/OneDrive - The Pennsylvania State University/Summer 23/CMPEN331/Labs/FinalProject_CMPEN331/Lab_6/Lab_6.srcs/sources_1/new/TopModule.v:11]
INFO: [Synth 8-6155] done synthesizing module 'TopModule' (18#1) [C:/Users/ethanbloom/OneDrive - The Pennsylvania State University/Summer 23/CMPEN331/Labs/FinalProject_CMPEN331/Lab_6/Lab_6.srcs/sources_1/new/TopModule.v:3]
---------------------------------------------------------------------------------
Finished RTL Elaboration : Time (s): cpu = 00:00:06 ; elapsed = 00:00:11 . Memory (MB): peak = 1130.547 ; gain = 30.141
---------------------------------------------------------------------------------
---------------------------------------------------------------------------------
Start Handling Custom Attributes
---------------------------------------------------------------------------------
---------------------------------------------------------------------------------
Finished Handling Custom Attributes : Time (s): cpu = 00:00:07 ; elapsed = 00:00:12 . Memory (MB): peak = 1130.547 ; gain = 30.141
---------------------------------------------------------------------------------
---------------------------------------------------------------------------------
Finished RTL Optimization Phase 1 : Time (s): cpu = 00:00:07 ; elapsed = 00:00:12 . Memory (MB): peak = 1130.547 ; gain = 30.141
---------------------------------------------------------------------------------
Netlist sorting complete. Time (s): cpu = 00:00:00 ; elapsed = 00:00:00.040 . Memory (MB): peak = 1130.547 ; gain = 0.000
INFO: [Project 1-570] Preparing netlist for logic optimization

Processing XDC Constraints
Initializing timing engine
Parsing XDC File [C:/Users/ethanbloom/OneDrive - The Pennsylvania State University/Summer 23/CMPEN331/Labs/FinalProject_CMPEN331/Lab_6/Lab_6.srcs/constrs_1/new/constraints.xdc]
Finished Parsing XDC File [C:/Users/ethanbloom/OneDrive - The Pennsylvania State University/Summer 23/CMPEN331/Labs/FinalProject_CMPEN331/Lab_6/Lab_6.srcs/constrs_1/new/constraints.xdc]
INFO: [Project 1-236] Implementation specific constraints were found while reading constraint file [C:/Users/ethanbloom/OneDrive - The Pennsylvania State University/Summer 23/CMPEN331/Labs/FinalProject_CMPEN331/Lab_6/Lab_6.srcs/constrs_1/new/constraints.xdc]. These constraints will be ignored for synthesis but will be used in implementation. Impacted constraints are listed in the file [.Xil/TopModule_propImpl.xdc].
Resolution: To avoid this warning, move constraints listed in [.Xil/TopModule_propImpl.xdc] to another XDC file and exclude this new file from synthesis with the used_in_synthesis property (File Properties dialog in GUI) and re-run elaboration/synthesis.
Completed Processing XDC Constraints

Netlist sorting complete. Time (s): cpu = 00:00:00 ; elapsed = 00:00:00 . Memory (MB): peak = 1248.375 ; gain = 0.000
INFO: [Project 1-111] Unisim Transformation Summary:
No Unisim elements were transformed.

Constraint Validation Runtime : Time (s): cpu = 00:00:00 ; elapsed = 00:00:00.054 . Memory (MB): peak = 1248.375 ; gain = 0.000
---------------------------------------------------------------------------------
Finished Constraint Validation : Time (s): cpu = 00:00:15 ; elapsed = 00:00:24 . Memory (MB): peak = 1248.375 ; gain = 147.969
---------------------------------------------------------------------------------
---------------------------------------------------------------------------------
Start Loading Part and Timing Information
---------------------------------------------------------------------------------
Loading part: xc7z010clg400-1
---------------------------------------------------------------------------------
Finished Loading Part and Timing Information : Time (s): cpu = 00:00:15 ; elapsed = 00:00:24 . Memory (MB): peak = 1248.375 ; gain = 147.969
---------------------------------------------------------------------------------
---------------------------------------------------------------------------------
Start Applying 'set_property' XDC Constraints
---------------------------------------------------------------------------------
---------------------------------------------------------------------------------
Finished applying 'set_property' XDC Constraints : Time (s): cpu = 00:00:15 ; elapsed = 00:00:24 . Memory (MB): peak = 1248.375 ; gain = 147.969
---------------------------------------------------------------------------------
WARNING: [Synth 8-327] inferring latch for variable 'wreg_reg' [C:/Users/ethanbloom/OneDrive - The Pennsylvania State University/Summer 23/CMPEN331/Labs/FinalProject_CMPEN331/Lab_6/Lab_6.srcs/sources_1/new/ControlUnit.v:46]
WARNING: [Synth 8-327] inferring latch for variable 'm2reg_reg' [C:/Users/ethanbloom/OneDrive - The Pennsylvania State University/Summer 23/CMPEN331/Labs/FinalProject_CMPEN331/Lab_6/Lab_6.srcs/sources_1/new/ControlUnit.v:47]
WARNING: [Synth 8-327] inferring latch for variable 'wmem_reg' [C:/Users/ethanbloom/OneDrive - The Pennsylvania State University/Summer 23/CMPEN331/Labs/FinalProject_CMPEN331/Lab_6/Lab_6.srcs/sources_1/new/ControlUnit.v:48]
WARNING: [Synth 8-327] inferring latch for variable 'aluc_reg' [C:/Users/ethanbloom/OneDrive - The Pennsylvania State University/Summer 23/CMPEN331/Labs/FinalProject_CMPEN331/Lab_6/Lab_6.srcs/sources_1/new/ControlUnit.v:49]
WARNING: [Synth 8-327] inferring latch for variable 'regrt_reg' [C:/Users/ethanbloom/OneDrive - The Pennsylvania State University/Summer 23/CMPEN331/Labs/FinalProject_CMPEN331/Lab_6/Lab_6.srcs/sources_1/new/ControlUnit.v:51]
WARNING: [Synth 8-327] inferring latch for variable 'r_reg' [C:/Users/ethanbloom/OneDrive - The Pennsylvania State University/Summer 23/CMPEN331/Labs/FinalProject_CMPEN331/Lab_6/Lab_6.srcs/sources_1/new/ALU.v:24]
---------------------------------------------------------------------------------
Finished RTL Optimization Phase 2 : Time (s): cpu = 00:00:15 ; elapsed = 00:00:25 . Memory (MB): peak = 1248.375 ; gain = 147.969
---------------------------------------------------------------------------------
---------------------------------------------------------------------------------
Start RTL Component Statistics 
---------------------------------------------------------------------------------
Detailed RTL Component Info : 
+---Adders : 
	   2 Input   32 Bit       Adders := 1     
	   3 Input   32 Bit       Adders := 1     
+---Registers : 
	               32 Bit    Registers := 9     
	                5 Bit    Registers := 3     
	                4 Bit    Registers := 1     
	                1 Bit    Registers := 9     
+---Muxes : 
	   6 Input   32 Bit        Muxes := 1     
	   2 Input   32 Bit        Muxes := 3     
	   5 Input   32 Bit        Muxes := 2     
	   4 Input   32 Bit        Muxes := 2     
	   2 Input    5 Bit        Muxes := 1     
	   2 Input    4 Bit        Muxes := 1     
	   6 Input    4 Bit        Muxes := 1     
	   2 Input    2 Bit        Muxes := 4     
	   2 Input    1 Bit        Muxes := 1     
	   6 Input    1 Bit        Muxes := 1     
	   3 Input    1 Bit        Muxes := 2     
	   5 Input    1 Bit        Muxes := 1     
---------------------------------------------------------------------------------
Finished RTL Component Statistics 
---------------------------------------------------------------------------------
---------------------------------------------------------------------------------
Start Part Resource Summary
---------------------------------------------------------------------------------
Part Resources:
DSPs: 80 (col length:40)
BRAMs: 120 (col length: RAMB18 40 RAMB36 20)
---------------------------------------------------------------------------------
Finished Part Resource Summary
---------------------------------------------------------------------------------
---------------------------------------------------------------------------------
Start Cross Boundary and Area Optimization
---------------------------------------------------------------------------------
---------------------------------------------------------------------------------
Finished Cross Boundary and Area Optimization : Time (s): cpu = 00:00:17 ; elapsed = 00:00:28 . Memory (MB): peak = 1248.375 ; gain = 147.969
---------------------------------------------------------------------------------
---------------------------------------------------------------------------------
Start ROM, RAM, DSP, Shift Register and Retiming Reporting
---------------------------------------------------------------------------------

Block RAM: Preliminary Mapping	Report (see note below)
+------------+-----------------------------+------------------------+---+---+------------------------+---+---+------------------+--------+--------+
|Module Name | RTL Object                  | PORT A (Depth x Width) | W | R | PORT B (Depth x Width) | W | R | Ports driving FF | RAMB18 | RAMB36 | 
+------------+-----------------------------+------------------------+---+---+------------------------+---+---+------------------+--------+--------+
|TopModule   | datapath/DataMem/memory_reg | 0 K x 32(READ_FIRST)   | W | R |                        |   |   | Port A           | 1      | 0      | 
+------------+-----------------------------+------------------------+---+---+------------------------+---+---+------------------+--------+--------+

Note: The table above is a preliminary report that shows the Block RAMs at the current stage of the synthesis flow. Some Block RAMs may be reimplemented as non Block RAM primitives later in the synthesis flow. Multiple instantiated Block RAMs are reported only once. 

Distributed RAM: Preliminary Mapping	Report (see note below)
+------------+---------------------------------+-----------+----------------------+--------------+
|Module Name | RTL Object                      | Inference | Size (Depth x Width) | Primitives   | 
+------------+---------------------------------+-----------+----------------------+--------------+
|TopModule   | datapath/reg_file/registers_reg | Implied   | 32 x 32              | RAM32M x 12	 | 
+------------+---------------------------------+-----------+----------------------+--------------+

Note: The table above is a preliminary report that shows the Distributed RAMs at the current stage of the synthesis flow. Some Distributed RAMs may be reimplemented as non Distributed RAM primitives later in the synthesis flow. Multiple instantiated RAMs are reported only once.
---------------------------------------------------------------------------------
Finished ROM, RAM, DSP, Shift Register and Retiming Reporting
---------------------------------------------------------------------------------
---------------------------------------------------------------------------------
Start Applying XDC Timing Constraints
---------------------------------------------------------------------------------
---------------------------------------------------------------------------------
Finished Applying XDC Timing Constraints : Time (s): cpu = 00:00:25 ; elapsed = 00:00:41 . Memory (MB): peak = 1248.375 ; gain = 147.969
---------------------------------------------------------------------------------
---------------------------------------------------------------------------------
Start Timing Optimization
---------------------------------------------------------------------------------
---------------------------------------------------------------------------------
Finished Timing Optimization : Time (s): cpu = 00:00:25 ; elapsed = 00:00:41 . Memory (MB): peak = 1248.375 ; gain = 147.969
---------------------------------------------------------------------------------
---------------------------------------------------------------------------------
Start ROM, RAM, DSP, Shift Register and Retiming Reporting
---------------------------------------------------------------------------------

Block RAM: Final Mapping	Report
+------------+-----------------------------+------------------------+---+---+------------------------+---+---+------------------+--------+--------+
|Module Name | RTL Object                  | PORT A (Depth x Width) | W | R | PORT B (Depth x Width) | W | R | Ports driving FF | RAMB18 | RAMB36 | 
+------------+-----------------------------+------------------------+---+---+------------------------+---+---+------------------+--------+--------+
|TopModule   | datapath/DataMem/memory_reg | 0 K x 32(READ_FIRST)   | W | R |                        |   |   | Port A           | 1      | 0      | 
+------------+-----------------------------+------------------------+---+---+------------------------+---+---+------------------+--------+--------+


Distributed RAM: Final Mapping	Report
+------------+---------------------------------+-----------+----------------------+--------------+
|Module Name | RTL Object                      | Inference | Size (Depth x Width) | Primitives   | 
+------------+---------------------------------+-----------+----------------------+--------------+
|TopModule   | datapath/reg_file/registers_reg | Implied   | 32 x 32              | RAM32M x 12	 | 
+------------+---------------------------------+-----------+----------------------+--------------+

---------------------------------------------------------------------------------
Finished ROM, RAM, DSP, Shift Register and Retiming Reporting
---------------------------------------------------------------------------------
---------------------------------------------------------------------------------
Start Technology Mapping
---------------------------------------------------------------------------------
INFO: [Synth 8-7052] The timing for the instance datapath/DataMem/memory_reg (implemented as a Block RAM) might be sub-optimal as no optional output register could be merged into the ram block. Providing additional output register may help in improving timing.
INFO: [Synth 8-7052] The timing for the instance datapath/DataMem/memory_reg (implemented as a Block RAM) might be sub-optimal as no optional output register could be merged into the ram block. Providing additional output register may help in improving timing.
---------------------------------------------------------------------------------
Finished Technology Mapping : Time (s): cpu = 00:00:25 ; elapsed = 00:00:42 . Memory (MB): peak = 1260.625 ; gain = 160.219
---------------------------------------------------------------------------------
---------------------------------------------------------------------------------
Start IO Insertion
---------------------------------------------------------------------------------
---------------------------------------------------------------------------------
Start Flattening Before IO Insertion
---------------------------------------------------------------------------------
---------------------------------------------------------------------------------
Finished Flattening Before IO Insertion
---------------------------------------------------------------------------------
---------------------------------------------------------------------------------
Start Final Netlist Cleanup
---------------------------------------------------------------------------------
---------------------------------------------------------------------------------
Finished Final Netlist Cleanup
---------------------------------------------------------------------------------
---------------------------------------------------------------------------------
Finished IO Insertion : Time (s): cpu = 00:00:30 ; elapsed = 00:00:48 . Memory (MB): peak = 1268.035 ; gain = 167.629
---------------------------------------------------------------------------------
---------------------------------------------------------------------------------
Start Renaming Generated Instances
---------------------------------------------------------------------------------
---------------------------------------------------------------------------------
Finished Renaming Generated Instances : Time (s): cpu = 00:00:30 ; elapsed = 00:00:48 . Memory (MB): peak = 1268.035 ; gain = 167.629
---------------------------------------------------------------------------------
---------------------------------------------------------------------------------
Start Rebuilding User Hierarchy
---------------------------------------------------------------------------------
---------------------------------------------------------------------------------
Finished Rebuilding User Hierarchy : Time (s): cpu = 00:00:30 ; elapsed = 00:00:48 . Memory (MB): peak = 1268.035 ; gain = 167.629
---------------------------------------------------------------------------------
---------------------------------------------------------------------------------
Start Renaming Generated Ports
---------------------------------------------------------------------------------
---------------------------------------------------------------------------------
Finished Renaming Generated Ports : Time (s): cpu = 00:00:30 ; elapsed = 00:00:48 . Memory (MB): peak = 1268.035 ; gain = 167.629
---------------------------------------------------------------------------------
---------------------------------------------------------------------------------
Start Handling Custom Attributes
---------------------------------------------------------------------------------
---------------------------------------------------------------------------------
Finished Handling Custom Attributes : Time (s): cpu = 00:00:30 ; elapsed = 00:00:48 . Memory (MB): peak = 1268.035 ; gain = 167.629
---------------------------------------------------------------------------------
---------------------------------------------------------------------------------
Start Renaming Generated Nets
---------------------------------------------------------------------------------
---------------------------------------------------------------------------------
Finished Renaming Generated Nets : Time (s): cpu = 00:00:30 ; elapsed = 00:00:48 . Memory (MB): peak = 1268.035 ; gain = 167.629
---------------------------------------------------------------------------------
---------------------------------------------------------------------------------
Start Writing Synthesis Report
---------------------------------------------------------------------------------

Report BlackBoxes: 
+-+--------------+----------+
| |BlackBox name |Instances |
+-+--------------+----------+
+-+--------------+----------+

Report Cell Usage: 
+------+---------+------+
|      |Cell     |Count |
+------+---------+------+
|1     |BUFG     |     2|
|2     |CARRY4   |     9|
|3     |LUT1     |     4|
|4     |LUT2     |     5|
|5     |LUT3     |    37|
|6     |LUT4     |     1|
|7     |LUT5     |    33|
|8     |LUT6     |    67|
|9     |RAM32M   |    12|
|10    |RAMB18E1 |     1|
|11    |FDRE     |   150|
|12    |LD       |    36|
|13    |IBUF     |     1|
|14    |OBUF     |    96|
+------+---------+------+
---------------------------------------------------------------------------------
Finished Writing Synthesis Report : Time (s): cpu = 00:00:30 ; elapsed = 00:00:48 . Memory (MB): peak = 1268.035 ; gain = 167.629
---------------------------------------------------------------------------------
Synthesis finished with 0 errors, 0 critical warnings and 6 warnings.
Synthesis Optimization Runtime : Time (s): cpu = 00:00:20 ; elapsed = 00:00:44 . Memory (MB): peak = 1268.035 ; gain = 49.801
Synthesis Optimization Complete : Time (s): cpu = 00:00:30 ; elapsed = 00:00:49 . Memory (MB): peak = 1268.035 ; gain = 167.629
INFO: [Project 1-571] Translating synthesized netlist
Netlist sorting complete. Time (s): cpu = 00:00:00 ; elapsed = 00:00:00.026 . Memory (MB): peak = 1280.062 ; gain = 0.000
INFO: [Netlist 29-17] Analyzing 58 Unisim elements for replacement
INFO: [Netlist 29-28] Unisim Transformation completed in 0 CPU seconds
INFO: [Project 1-570] Preparing netlist for logic optimization
INFO: [Opt 31-138] Pushed 1 inverter(s) to 14 load pin(s).
Netlist sorting complete. Time (s): cpu = 00:00:00 ; elapsed = 00:00:00 . Memory (MB): peak = 1280.062 ; gain = 0.000
INFO: [Project 1-111] Unisim Transformation Summary:
  A total of 48 instances were transformed.
  LD => LDCE: 36 instances
  RAM32M => RAM32M (inverted pins: WCLK) (RAMD32(x6), RAMS32(x2)): 12 instances

INFO: [Common 17-83] Releasing license: Synthesis
58 Infos, 35 Warnings, 0 Critical Warnings and 0 Errors encountered.
synth_design completed successfully
synth_design: Time (s): cpu = 00:00:37 ; elapsed = 00:01:17 . Memory (MB): peak = 1280.062 ; gain = 179.656
INFO: [Common 17-1381] The checkpoint 'C:/Users/ethanbloom/OneDrive - The Pennsylvania State University/Summer 23/CMPEN331/Labs/FinalProject_CMPEN331/Lab_6/Lab_6.runs/synth_1/TopModule.dcp' has been generated.
INFO: [runtcl-4] Executing : report_utilization -file TopModule_utilization_synth.rpt -pb TopModule_utilization_synth.pb
INFO: [Common 17-206] Exiting Vivado at Wed Aug  9 23:17:25 2023...
